app/build/intermediates/manifest_merge_blame_file/debug/manifest-merger-blame-debug-report.txt
1<?xml version="1.0" encoding="utf-8"?>
2<manifest xmlns:android="http://schemas.android.com/apk/res/android"
3    package="com.example.demo_log"
4    android:versionCode="1"
5    android:versionName="1.0" >
6
7    <uses-sdk
8        android:minSdkVersion="19"
8-->src/main/AndroidManifest.xml
9        android:targetSdkVersion="29" />
9-->src/main/AndroidManifest.xml
10
11    <application
11-->src/main/AndroidManifest.xml:5:5-76:19
12        android:allowBackup="true"
12-->src/main/AndroidManifest.xml:6:9-35
13        android:appComponentFactory="androidx.core.app.CoreComponentFactory"
13-->[androidx.core:core:1.0.1] AndroidManifest.xml:22:18-86
14        android:debuggable="true"
15        android:icon="@mipmap/ic_launcher"
15-->src/main/AndroidManifest.xml:7:9-43
16        android:roundIcon="@mipmap/ic_launcher_round"
16-->src/main/AndroidManifest.xml:9:9-54
17        android:supportsRtl="true"
17-->src/main/AndroidManifest.xml:10:9-35
18        android:testOnly="true" >
19        <activity
19-->src/main/AndroidManifest.xml:13:9-23:20
20            android:name="com.example.demo_log.MainActivity"
20-->src/main/AndroidManifest.xml:15:13-41
21            android:theme="@android:style/Theme.NoTitleBar.Fullscreen" >
21-->src/main/AndroidManifest.xml:16:13-71
22            <intent-filter>
22-->src/main/AndroidManifest.xml:18:13-22:29
23                <action android:name="android.intent.action.MAIN" />
23-->src/main/AndroidManifest.xml:19:17-69
23-->src/main/AndroidManifest.xml:19:25-66
24
25                <category android:name="android.intent.category.LAUNCHER" />
25-->src/main/AndroidManifest.xml:21:17-77
25-->src/main/AndroidManifest.xml:21:27-74
26            </intent-filter>
27        </activity>
28        <activity android:name="com.example.demo_log.test" >
28-->src/main/AndroidManifest.xml:24:9-28:20
28-->src/main/AndroidManifest.xml:24:19-39
29        </activity>
30        <activity
30-->src/main/AndroidManifest.xml:29:9-35:20
31            android:name="com.example.demo_log.Signin"
31-->src/main/AndroidManifest.xml:29:19-41
32            android:label="注册" >
32-->src/main/AndroidManifest.xml:30:13-31
33        </activity>
34        <activity
34-->src/main/AndroidManifest.xml:36:9-40:20
35            android:name="com.example.demo_log.mainpage"
35-->src/main/AndroidManifest.xml:36:19-43
36            android:theme="@android:style/Theme.NoTitleBar.Fullscreen" >
36-->src/main/AndroidManifest.xml:37:13-71
37        </activity>
38        <activity
38-->src/main/AndroidManifest.xml:41:9-46:20
39            android:name="com.example.demo_log.achievement"
39-->src/main/AndroidManifest.xml:41:19-46
40            android:theme="@android:style/Theme.NoTitleBar.Fullscreen" >
40-->src/main/AndroidManifest.xml:42:13-71
41        </activity>
42        <activity
42-->src/main/AndroidManifest.xml:47:9-52:20
43            android:name="com.example.demo_log.shuerte"
43-->src/main/AndroidManifest.xml:47:19-42
44            android:theme="@android:style/Theme.NoTitleBar.Fullscreen" >
44-->src/main/AndroidManifest.xml:48:13-71
45        </activity>
46        <activity
46-->src/main/AndroidManifest.xml:53:9-58:20
47            android:name="com.example.demo_log.FinalDisplay"
47-->src/main/AndroidManifest.xml:53:19-47
48            android:theme="@android:style/Theme.NoTitleBar.Fullscreen" >
48-->src/main/AndroidManifest.xml:54:13-71
49        </activity>
50        <activity
50-->src/main/AndroidManifest.xml:60:9-65:20
51            android:name="com.example.demo_log.Main1Activity"
51-->src/main/AndroidManifest.xml:60:19-48
52            android:theme="@android:style/Theme.NoTitleBar.Fullscreen" >
52-->src/main/AndroidManifest.xml:61:13-71
53        </activity>
54        <activity
54-->src/main/AndroidManifest.xml:66:9-70:20
55            android:name="com.example.demo_log.Main2Activity"
55-->src/main/AndroidManifest.xml:66:19-48
56            android:theme="@android:style/Theme.NoTitleBar.Fullscreen" >
56-->src/main/AndroidManifest.xml:67:13-71
57        </activity>
58        <activity
58-->src/main/AndroidManifest.xml:71:9-75:20
59            android:name="com.example.demo_log.Main3Activity"
59-->src/main/AndroidManifest.xml:71:19-48
60            android:theme="@android:style/Theme.NoTitleBar.Fullscreen" >
60-->src/main/AndroidManifest.xml:72:13-71
61        </activity>
62    </application>
63
64</manifest>